[1.171s] Invoking command in '/home/hiago/second_ros2_ws/build/urdf_tutorial_r2d2': PYTHONPATH=/home/hiago/second_ros2_ws/build/urdf_tutorial_r2d2/prefix_override:/usr/lib/python3/dist-packages/colcon_core/task/python/colcon_distutils_commands:/home/hiago/second_ros2_ws/install/urdf_tutorial_r2d2/lib/python3.12/site-packages:${PYTHONPATH} /usr/bin/python3 -W ignore:setup.py install is deprecated -W ignore:easy_install command is deprecated setup.py develop --editable --build-directory /home/hiago/second_ros2_ws/build/urdf_tutorial_r2d2/build --no-deps symlink_data
[1.488s] running develop
[1.679s] running egg_info
[1.679s] creating urdf_tutorial_r2d2.egg-info
[1.696s] writing urdf_tutorial_r2d2.egg-info/PKG-INFO
[1.697s] writing dependency_links to urdf_tutorial_r2d2.egg-info/dependency_links.txt
[1.697s] writing entry points to urdf_tutorial_r2d2.egg-info/entry_points.txt
[1.697s] writing requirements to urdf_tutorial_r2d2.egg-info/requires.txt
[1.698s] writing top-level names to urdf_tutorial_r2d2.egg-info/top_level.txt
[1.698s] writing manifest file 'urdf_tutorial_r2d2.egg-info/SOURCES.txt'
[1.734s] reading manifest file 'urdf_tutorial_r2d2.egg-info/SOURCES.txt'
[1.735s] writing manifest file 'urdf_tutorial_r2d2.egg-info/SOURCES.txt'
[1.753s] running build_ext
[1.755s] Creating /home/hiago/second_ros2_ws/install/urdf_tutorial_r2d2/lib/python3.12/site-packages/urdf-tutorial-r2d2.egg-link (link to .)
[1.756s] Installing state_publisher script to /home/hiago/second_ros2_ws/install/urdf_tutorial_r2d2/lib/urdf_tutorial_r2d2
[1.757s] 
[1.757s] Installed /home/hiago/second_ros2_ws/build/urdf_tutorial_r2d2
[1.757s] running symlink_data
[1.757s] creating /home/hiago/second_ros2_ws/install/urdf_tutorial_r2d2/share/ament_index
[1.758s] creating /home/hiago/second_ros2_ws/install/urdf_tutorial_r2d2/share/ament_index/resource_index
[1.758s] creating /home/hiago/second_ros2_ws/install/urdf_tutorial_r2d2/share/ament_index/resource_index/packages
[1.758s] symbolically linking /home/hiago/second_ros2_ws/build/urdf_tutorial_r2d2/resource/urdf_tutorial_r2d2 -> /home/hiago/second_ros2_ws/install/urdf_tutorial_r2d2/share/ament_index/resource_index/packages
[1.759s] symbolically linking /home/hiago/second_ros2_ws/build/urdf_tutorial_r2d2/package.xml -> /home/hiago/second_ros2_ws/install/urdf_tutorial_r2d2/share/urdf_tutorial_r2d2
[1.759s] creating /home/hiago/second_ros2_ws/install/urdf_tutorial_r2d2/share/urdf_tutorial_r2d2/launch
[1.760s] symbolically linking /home/hiago/second_ros2_ws/build/urdf_tutorial_r2d2/urdf/r2d2.rviz -> /home/hiago/second_ros2_ws/install/urdf_tutorial_r2d2/share/urdf_tutorial_r2d2
[1.760s] symbolically linking /home/hiago/second_ros2_ws/build/urdf_tutorial_r2d2/urdf/r2d2.urdf.xml -> /home/hiago/second_ros2_ws/install/urdf_tutorial_r2d2/share/urdf_tutorial_r2d2
[1.789s] Invoked command in '/home/hiago/second_ros2_ws/build/urdf_tutorial_r2d2' returned '0': PYTHONPATH=/home/hiago/second_ros2_ws/build/urdf_tutorial_r2d2/prefix_override:/usr/lib/python3/dist-packages/colcon_core/task/python/colcon_distutils_commands:/home/hiago/second_ros2_ws/install/urdf_tutorial_r2d2/lib/python3.12/site-packages:${PYTHONPATH} /usr/bin/python3 -W ignore:setup.py install is deprecated -W ignore:easy_install command is deprecated setup.py develop --editable --build-directory /home/hiago/second_ros2_ws/build/urdf_tutorial_r2d2/build --no-deps symlink_data
