[1.383s] Invoking command in '/home/hiago/second_ros2_ws/build/urdf_tutorial_r2d2': PYTHONPATH=/home/hiago/second_ros2_ws/build/urdf_tutorial_r2d2/prefix_override:/usr/lib/python3/dist-packages/colcon_core/task/python/colcon_distutils_commands:/home/hiago/second_ros2_ws/install/urdf_tutorial_r2d2/lib/python3.12/site-packages:${PYTHONPATH} /usr/bin/python3 -W ignore:setup.py install is deprecated -W ignore:easy_install command is deprecated setup.py develop --editable --build-directory /home/hiago/second_ros2_ws/build/urdf_tutorial_r2d2/build --no-deps symlink_data
[1.724s] running develop
[1.937s] running egg_info
[1.955s] writing urdf_tutorial_r2d2.egg-info/PKG-INFO
[1.956s] writing dependency_links to urdf_tutorial_r2d2.egg-info/dependency_links.txt
[1.956s] writing entry points to urdf_tutorial_r2d2.egg-info/entry_points.txt
[1.956s] writing requirements to urdf_tutorial_r2d2.egg-info/requires.txt
[1.956s] writing top-level names to urdf_tutorial_r2d2.egg-info/top_level.txt
[1.994s] reading manifest file 'urdf_tutorial_r2d2.egg-info/SOURCES.txt'
[2.000s] writing manifest file 'urdf_tutorial_r2d2.egg-info/SOURCES.txt'
[2.020s] running build_ext
[2.020s] Creating /home/hiago/second_ros2_ws/install/urdf_tutorial_r2d2/lib/python3.12/site-packages/urdf-tutorial-r2d2.egg-link (link to .)
[2.021s] Installing state_publisher script to /home/hiago/second_ros2_ws/install/urdf_tutorial_r2d2/lib/urdf_tutorial_r2d2
[2.022s] 
[2.022s] Installed /home/hiago/second_ros2_ws/build/urdf_tutorial_r2d2
[2.022s] running symlink_data
[2.024s] creating /home/hiago/second_ros2_ws/install/urdf_tutorial_r2d2/share/urdf_tutorial_r2d2/urdf
[2.024s] symbolically linking /home/hiago/second_ros2_ws/build/urdf_tutorial_r2d2/urdf/r2d2.rviz -> /home/hiago/second_ros2_ws/install/urdf_tutorial_r2d2/share/urdf_tutorial_r2d2/urdf
[2.025s] symbolically linking /home/hiago/second_ros2_ws/build/urdf_tutorial_r2d2/urdf/r2d2.urdf.xml -> /home/hiago/second_ros2_ws/install/urdf_tutorial_r2d2/share/urdf_tutorial_r2d2/urdf
[2.060s] Invoked command in '/home/hiago/second_ros2_ws/build/urdf_tutorial_r2d2' returned '0': PYTHONPATH=/home/hiago/second_ros2_ws/build/urdf_tutorial_r2d2/prefix_override:/usr/lib/python3/dist-packages/colcon_core/task/python/colcon_distutils_commands:/home/hiago/second_ros2_ws/install/urdf_tutorial_r2d2/lib/python3.12/site-packages:${PYTHONPATH} /usr/bin/python3 -W ignore:setup.py install is deprecated -W ignore:easy_install command is deprecated setup.py develop --editable --build-directory /home/hiago/second_ros2_ws/build/urdf_tutorial_r2d2/build --no-deps symlink_data
